[18-Jul-2025 10:55:57 Europe/Berlin] PHP Fatal error:  Uncaught mysqli_sql_exception: Column 'precio_coche' cannot be null in C:\xampp2\htdocs\coches\procesarCompra.php:36
Stack trace:
#0 C:\xampp2\htdocs\coches\procesarCompra.php(36): mysqli_stmt->execute()
#1 {main}
  thrown in C:\xampp2\htdocs\coches\procesarCompra.php on line 36
[18-Jul-2025 10:57:31 Europe/Berlin] PHP Fatal error:  Uncaught mysqli_sql_exception: Column 'precio_coche' cannot be null in C:\xampp2\htdocs\coches\procesarCompra.php:36
Stack trace:
#0 C:\xampp2\htdocs\coches\procesarCompra.php(36): mysqli_stmt->execute()
#1 {main}
  thrown in C:\xampp2\htdocs\coches\procesarCompra.php on line 36
[18-Jul-2025 10:58:56 Europe/Berlin] procesarCompra.php: Datos recibidos (var_export): array (
  'id_usuario' => 1,
  'id_coche' => '30',
  'precio_coche' => '17300.00',
)
[18-Jul-2025 10:58:56 Europe/Berlin] PHP Fatal error:  Uncaught mysqli_sql_exception: Column 'precio_coche' cannot be null in C:\xampp2\htdocs\coches\procesarCompra.php:40
Stack trace:
#0 C:\xampp2\htdocs\coches\procesarCompra.php(40): mysqli_stmt->execute()
#1 {main}
  thrown in C:\xampp2\htdocs\coches\procesarCompra.php on line 40
[18-Jul-2025 10:59:58 Europe/Berlin] procesarCompra.php: Datos recibidos (var_export): array (
  'id_usuario' => 1,
  'id_coche' => '2',
  'precio_coche' => '14500.00',
)
[18-Jul-2025 10:59:58 Europe/Berlin] PHP Warning:  Undefined variable $precioCoche in C:\xampp2\htdocs\coches\procesarCompra.php on line 40
[18-Jul-2025 10:59:58 Europe/Berlin] PHP Warning:  Undefined variable $precioCoche in C:\xampp2\htdocs\coches\procesarCompra.php on line 40
[18-Jul-2025 10:59:58 Europe/Berlin] procesarCompra.php: Valor de precioCoche antes de bind_param = NULL (Tipo: NULL)
[18-Jul-2025 10:59:58 Europe/Berlin] PHP Warning:  Undefined variable $precioCoche in C:\xampp2\htdocs\coches\procesarCompra.php on line 43
[18-Jul-2025 10:59:58 Europe/Berlin] PHP Fatal error:  Uncaught Error: mysqli_stmt::bind_param(): Argument #4 cannot be passed by reference in C:\xampp2\htdocs\coches\procesarCompra.php:43
Stack trace:
#0 {main}
  thrown in C:\xampp2\htdocs\coches\procesarCompra.php on line 43
[18-Jul-2025 11:01:01 Europe/Berlin] procesarCompra.php: Datos recibidos (var_export): array (
  'id_usuario' => 1,
  'id_coche' => '2',
  'precio_coche' => '14500.00',
)
[18-Jul-2025 11:01:01 Europe/Berlin] PHP Warning:  Undefined variable $precioCoche in C:\xampp2\htdocs\coches\procesarCompra.php on line 40
[18-Jul-2025 11:01:01 Europe/Berlin] PHP Warning:  Undefined variable $precioCoche in C:\xampp2\htdocs\coches\procesarCompra.php on line 40
[18-Jul-2025 11:01:01 Europe/Berlin] procesarCompra.php: Valor de precioCoche antes de bind_param = NULL (Tipo: NULL)
[18-Jul-2025 11:01:01 Europe/Berlin] PHP Fatal error:  Uncaught mysqli_sql_exception: Column 'precio_coche' cannot be null in C:\xampp2\htdocs\coches\procesarCompra.php:45
Stack trace:
#0 C:\xampp2\htdocs\coches\procesarCompra.php(45): mysqli_stmt->execute()
#1 {main}
  thrown in C:\xampp2\htdocs\coches\procesarCompra.php on line 45
[18-Jul-2025 11:02:04 Europe/Berlin] PHP Warning:  Undefined variable $rawInput in C:\xampp2\htdocs\coches\procesarCompra.php on line 17
[18-Jul-2025 11:02:04 Europe/Berlin] PHP Deprecated:  json_decode(): Passing null to parameter #1 ($json) of type string is deprecated in C:\xampp2\htdocs\coches\procesarCompra.php on line 17
[18-Jul-2025 11:02:04 Europe/Berlin] procesarCompra.php: Datos recibidos (var_export): NULL
[18-Jul-2025 11:03:19 Europe/Berlin] procesarCompra.php: Content-Type recibido = application/json
[18-Jul-2025 11:03:19 Europe/Berlin] procesarCompra.php: Raw input = '{"id_usuario":1,"id_coche":"36","precio_coche":"24500.00"}'
[18-Jul-2025 11:03:19 Europe/Berlin] procesarCompra.php: Datos recibidos (var_export): array (
  'id_usuario' => 1,
  'id_coche' => '36',
  'precio_coche' => '24500.00',
)
[18-Jul-2025 11:03:19 Europe/Berlin] procesarCompra.php: Valor de precioCoche antes de bind_param = 24500.0 (Tipo: double)
